#
# A fatal error has been detected by the Java Runtime Environment:
#
#  SIGSEGV (0xb) at pc=0x000000010b8ba658, pid=33396, tid=0x0000000000003707
#
# JRE version: Java(TM) SE Runtime Environment (8.0_101-b13) (build 1.8.0_101-b13)
# Java VM: Java HotSpot(TM) 64-Bit Server VM (25.101-b13 mixed mode bsd-amd64 compressed oops)
# Problematic frame:
# V  [libjvm.dylib+0x385658]
#
# Failed to write core dump. Core dumps have been disabled. To enable core dumping, try "ulimit -c unlimited" before starting Java again
#
# If you would like to submit a bug report, please visit:
#   http://bugreport.java.com/bugreport/crash.jsp
#

---------------  T H R E A D  ---------------

Current thread (0x00007f8129058800):  JavaThread "JDWP Transport Listener: dt_socket" daemon [_thread_in_vm, id=14087, stack(0x000070000571f000,0x000070000581f000)]

siginfo: si_signo: 11 (SIGSEGV), si_code: 1 (SEGV_MAPERR), si_addr: 0x00007f81865651c0

Registers:
RAX=0x00007f81275591e8, RBX=0x00000007c00afd90, RCX=0x0000000000000001, RDX=0x00007f81276132b0
RSP=0x000070000581e990, RBP=0x000070000581ea10, RSI=0x0000000000000000, RDI=0x00007f8127612d40
R8 =0x000070000581e8d8, R9 =0x000070000581e8d0, R10=0x00007f8127536a60, R11=0x00007f8127559240
R12=0x0000000000000007, R13=0x000000000be05730, R14=0x0000000000000008, R15=0x00007f8127539840
RIP=0x000000010b8ba658, EFLAGS=0x0000000000010206, ERR=0x0000000000000006
  TRAPNO=0x000000000000000e

Top of Stack: (sp=0x000070000581e990)
0x000070000581e990:   000070000581e9a0 0000000000000008
0x000070000581e9a0:   000070000581eaa4 000070000581ea98
0x000070000581e9b0:   00007f8129058800 00007f8127612b20
0x000070000581e9c0:   00007f81276131c0 00007f81276131d0
0x000070000581e9d0:   00007f81276132a8 00000000000000d8
0x000070000581e9e0:   000070000581edd0 000070000581ea98
0x000070000581e9f0:   00007f8127702d70 00007f8129058800
0x000070000581ea00:   000070000581eaa4 00000007400116e8
0x000070000581ea10:   000070000581ea80 000000010b88efc3
0x000070000581ea20:   00007f8129058800 00007f8129058800
0x000070000581ea30:   0000000000000000 0000700000000000
0x000070000581ea40:   0000000000000000 00007f8129058800
0x000070000581ea50:   00007f8129058800 0000000000000001
0x000070000581ea60:   00007f812da1f150 00007f812dba87e0
0x000070000581ea70:   000070000581eb28 000070000581ecb0
0x000070000581ea80:   000070000581eaf0 000000010a354195
0x000070000581ea90:   000070000581eac0 0000000000000000
0x000070000581eaa0:   0000000000000032 000070000581eb28
0x000070000581eab0:   000070000581eb28 000000010a382598
0x000070000581eac0:   000070000581eae0 000070000581ecb0
0x000070000581ead0:   000000010a376e7a 00007f812dba87e0
0x000070000581eae0:   000070000581eb28 000000010a382598
0x000070000581eaf0:   000070000581eb00 000000010a3542ec
0x000070000581eb00:   000070000581ed20 000000010a35d898
0x000070000581eb10:   0000143e00000013 00000000000f0200
0x000070000581eb20:   00007f812771bed0 000070000581eb78
0x000070000581eb30:   00007f810000012c 000070000581eb40
0x000070000581eb40:   00007f8100000000 000070000581eb78
0x000070000581eb50:   0000000000000000 0000000000000000
0x000070000581eb60:   0000143e0000001c 0000000000000080
0x000070000581eb70:   000070000581eb78 0000000101000000
0x000070000581eb80:   0000001a00000000 6e69676e652f6507 

Instructions: (pc=0x000000010b8ba658)
0x000000010b8ba638:   45 31 e4 48 8b 83 80 01 00 00 48 8b 8b a0 01 00
0x000000010b8ba648:   00 4e 63 6c a1 04 4a 8b 7c e0 08 e8 8c ff f9 ff
0x000000010b8ba658:   4b 89 04 ef 49 ff c4 4d 39 e6 75 d7 48 8b 45 88
0x000000010b8ba668:   48 8b 55 90 89 02 48 8b 4d 98 4c 89 39 31 db 48 

Register to memory mapping:

RAX=0x00007f81275591e8 is an unknown value
RBX=0x00000007c00afd90 is pointing into metadata
RCX=0x0000000000000001 is an unknown value
RDX=0x00007f81276132b0 is an unknown value
RSP=0x000070000581e990 is pointing into the stack for thread: 0x00007f8129058800
RBP=0x000070000581ea10 is pointing into the stack for thread: 0x00007f8129058800
RSI=0x0000000000000000 is an unknown value
RDI=0x00007f8127612d40 is an unknown value
R8 =0x000070000581e8d8 is pointing into the stack for thread: 0x00007f8129058800
R9 =0x000070000581e8d0 is pointing into the stack for thread: 0x00007f8129058800
R10=0x00007f8127536a60 is an unknown value
R11=0x00007f8127559240 is an unknown value
R12=0x0000000000000007 is an unknown value
R13=0x000000000be05730 is an unknown value
R14=0x0000000000000008 is an unknown value
R15=0x00007f8127539840 is an unknown value


Stack: [0x000070000571f000,0x000070000581f000],  sp=0x000070000581e990,  free space=1022k
Native frames: (J=compiled Java code, j=interpreted, Vv=VM code, C=native code)
V  [libjvm.dylib+0x385658]
V  [libjvm.dylib+0x359fc3]
C  [libjdwp.dylib+0x5195]  methods1+0xad
C  [libjdwp.dylib+0x52ec]  methodsWithGeneric+0xe
C  [libjdwp.dylib+0xe898]  debugLoop_run+0x1ce
C  [libjdwp.dylib+0x1f6ba]  attachThread+0x4d
V  [libjvm.dylib+0x399438]
V  [libjvm.dylib+0x5695ab]
V  [libjvm.dylib+0x56ac98]
V  [libjvm.dylib+0x48933a]
C  [libsystem_pthread.dylib+0x3305]  _pthread_body+0x7e
C  [libsystem_pthread.dylib+0x626f]  _pthread_start+0x46
C  [libsystem_pthread.dylib+0x2415]  thread_start+0xd
C  0x0000000000000000


---------------  P R O C E S S  ---------------

Java Threads: ( => current thread )
  0x00007f812c25c000 JavaThread "JMX server connection timeout 19" daemon [_thread_blocked, id=23043, stack(0x0000700006549000,0x0000700006649000)]
  0x00007f812b9f5800 JavaThread "RMI Scheduler(0)" daemon [_thread_blocked, id=22787, stack(0x0000700006446000,0x0000700006546000)]
  0x00007f812d189800 JavaThread "RMI TCP Connection(idle)" daemon [_thread_blocked, id=43267, stack(0x0000700006343000,0x0000700006443000)]
  0x00007f812d188800 JavaThread "RMI TCP Accept-0" daemon [_thread_in_native, id=22275, stack(0x0000700006240000,0x0000700006340000)]
  0x00007f812b591000 JavaThread "Attach Listener" daemon [_thread_blocked, id=21763, stack(0x000070000613d000,0x000070000623d000)]
  0x00007f8128a4c000 JavaThread "ReaderThread" [_thread_in_native, id=16643, stack(0x0000700005f37000,0x0000700006037000)]
  0x00007f8128136000 JavaThread "Service Thread" daemon [_thread_blocked, id=16131, stack(0x0000700005d31000,0x0000700005e31000)]
  0x00007f81291e4000 JavaThread "C1 CompilerThread2" daemon [_thread_blocked, id=15619, stack(0x0000700005c2e000,0x0000700005d2e000)]
  0x00007f81291e3000 JavaThread "C2 CompilerThread1" daemon [_thread_blocked, id=18179, stack(0x0000700005b2b000,0x0000700005c2b000)]
  0x00007f8128133800 JavaThread "C2 CompilerThread0" daemon [_thread_blocked, id=18691, stack(0x0000700005a28000,0x0000700005b28000)]
  0x00007f8128024000 JavaThread "JDWP Command Reader" daemon [_thread_in_native, id=18947, stack(0x0000700005925000,0x0000700005a25000)]
  0x00007f8129059000 JavaThread "JDWP Event Helper Thread" daemon [_thread_blocked, id=14595, stack(0x0000700005822000,0x0000700005922000)]
=>0x00007f8129058800 JavaThread "JDWP Transport Listener: dt_socket" daemon [_thread_in_vm, id=14087, stack(0x000070000571f000,0x000070000581f000)]
  0x00007f8129029800 JavaThread "Signal Dispatcher" daemon [_thread_blocked, id=19459, stack(0x000070000561c000,0x000070000571c000)]
  0x00007f8128010000 JavaThread "Finalizer" daemon [_thread_blocked, id=12035, stack(0x0000700005519000,0x0000700005619000)]
  0x00007f8128805000 JavaThread "Reference Handler" daemon [_thread_blocked, id=11779, stack(0x0000700005416000,0x0000700005516000)]
  0x00007f8128803000 JavaThread "main" [_thread_blocked, id=9475, stack(0x0000700004e04000,0x0000700004f04000)]

Other Threads:
  0x00007f8128804800 VMThread [stack: 0x0000700005313000,0x0000700005413000] [id=20995]
  0x00007f812920d000 WatcherThread [stack: 0x0000700005e34000,0x0000700005f34000] [id=16387]

VM state:not at safepoint (normal execution)

VM Mutex/Monitor currently owned by a thread: None

Heap:
 PSYoungGen      total 310784K, used 26671K [0x0000000795580000, 0x00000007aef80000, 0x00000007c0000000)
  eden space 299520K, 8% used [0x0000000795580000,0x0000000796f8bff0,0x00000007a7a00000)
  from space 11264K, 0% used [0x00000007a7a00000,0x00000007a7a00000,0x00000007a8500000)
  to   space 13824K, 0% used [0x00000007ae200000,0x00000007ae200000,0x00000007aef80000)
 ParOldGen       total 103424K, used 21789K [0x0000000740000000, 0x0000000746500000, 0x0000000795580000)
  object space 103424K, 21% used [0x0000000740000000,0x00000007415477a0,0x0000000746500000)
 Metaspace       used 56723K, capacity 59728K, committed 59816K, reserved 1101824K
  class space    used 7853K, capacity 8366K, committed 8368K, reserved 1048576K

Card table byte_map: [0x000000010b009000,0x000000010b40a000] byte_map_base: 0x0000000107609000

Marking Bits: (ParMarkBitMap*) 0x000000010be22d20
 Begin Bits: [0x000000011b77d000, 0x000000011d77d000)
 End Bits:   [0x000000011d77d000, 0x000000011f77d000)

Polling page: 0x000000010a34e000

CodeCache: size=245760Kb used=12264Kb max_used=13187Kb free=233495Kb
 bounds [0x000000010c4d2000, 0x000000010d212000, 0x000000011b4d2000]
 total_blobs=4405 nmethods=3854 adapters=472
 compilation: enabled

Compilation events (10 events):
Event: 160.152 Thread 0x00007f81291e3000 nmethod 4310 0x000000010c613c50 code [0x000000010c613e60, 0x000000010c614900]
Event: 160.153 Thread 0x00007f81291e3000 4313       4       java.lang.AbstractStringBuilder::append (70 bytes)
Event: 160.159 Thread 0x00007f8128133800 nmethod 4309 0x000000010c62c3d0 code [0x000000010c62c600, 0x000000010c62d490]
Event: 160.182 Thread 0x00007f81291e3000 nmethod 4313 0x000000010ca36510 code [0x000000010ca366c0, 0x000000010ca374b8]
Event: 170.422 Thread 0x00007f8128133800 4314       4       java.lang.AbstractStringBuilder::append (191 bytes)
Event: 170.428 Thread 0x00007f8128133800 nmethod 4314 0x000000010c800990 code [0x000000010c800b00, 0x000000010c800f38]
Event: 183.971 Thread 0x00007f81291e4000 4315       3       sun.rmi.runtime.Log$LoggerLog::isLoggable (9 bytes)
Event: 183.971 Thread 0x00007f81291e4000 nmethod 4315 0x000000010c692810 code [0x000000010c692980, 0x000000010c692cf0]
Event: 183.972 Thread 0x00007f81291e4000 4316       3       java.io.ObjectInputStream$BlockDataInputStream::readByte (20 bytes)
Event: 183.972 Thread 0x00007f81291e4000 nmethod 4316 0x000000010c63e990 code [0x000000010c63eb20, 0x000000010c63edd8]

GC Heap History (10 events):
Event: 7.484 GC heap before
{Heap before GC invocations=10 (full 1):
 PSYoungGen      total 227840K, used 42991K [0x0000000795580000, 0x00000007a4280000, 0x00000007c0000000)
  eden space 220160K, 16% used [0x0000000795580000,0x00000007977fe900,0x00000007a2c80000)
  from space 7680K, 99% used [0x00000007a3b00000,0x00000007a427d560,0x00000007a4280000)
  to   space 9216K, 0% used [0x00000007a3080000,0x00000007a3080000,0x00000007a3980000)
 ParOldGen       total 49152K, used 5717K [0x0000000740000000, 0x0000000743000000, 0x0000000795580000)
  object space 49152K, 11% used [0x0000000740000000,0x0000000740595568,0x0000000743000000)
 Metaspace       used 33566K, capacity 35454K, committed 35496K, reserved 1079296K
  class space    used 4390K, capacity 4755K, committed 4784K, reserved 1048576K
Event: 7.494 GC heap after
Heap after GC invocations=10 (full 1):
 PSYoungGen      total 233472K, used 6038K [0x0000000795580000, 0x00000007a9000000, 0x00000007c0000000)
  eden space 224256K, 0% used [0x0000000795580000,0x0000000795580000,0x00000007a3080000)
  from space 9216K, 65% used [0x00000007a3080000,0x00000007a3665aa8,0x00000007a3980000)
  to   space 9216K, 0% used [0x00000007a8700000,0x00000007a8700000,0x00000007a9000000)
 ParOldGen       total 49152K, used 5725K [0x0000000740000000, 0x0000000743000000, 0x0000000795580000)
  object space 49152K, 11% used [0x0000000740000000,0x0000000740597568,0x0000000743000000)
 Metaspace       used 33566K, capacity 35454K, committed 35496K, reserved 1079296K
  class space    used 4390K, capacity 4755K, committed 4784K, reserved 1048576K
}
Event: 7.494 GC heap before
{Heap before GC invocations=11 (full 2):
 PSYoungGen      total 233472K, used 6038K [0x0000000795580000, 0x00000007a9000000, 0x00000007c0000000)
  eden space 224256K, 0% used [0x0000000795580000,0x0000000795580000,0x00000007a3080000)
  from space 9216K, 65% used [0x00000007a3080000,0x00000007a3665aa8,0x00000007a3980000)
  to   space 9216K, 0% used [0x00000007a8700000,0x00000007a8700000,0x00000007a9000000)
 ParOldGen       total 49152K, used 5725K [0x0000000740000000, 0x0000000743000000, 0x0000000795580000)
  object space 49152K, 11% used [0x0000000740000000,0x0000000740597568,0x0000000743000000)
 Metaspace       used 33566K, capacity 35454K, committed 35496K, reserved 1079296K
  class space    used 4390K, capacity 4755K, committed 4784K, reserved 1048576K
Event: 7.549 GC heap after
Heap after GC invocations=11 (full 2):
 PSYoungGen      total 233472K, used 0K [0x0000000795580000, 0x00000007a9000000, 0x00000007c0000000)
  eden space 224256K, 0% used [0x0000000795580000,0x0000000795580000,0x00000007a3080000)
  from space 9216K, 0% used [0x00000007a3080000,0x00000007a3080000,0x00000007a3980000)
  to   space 9216K, 0% used [0x00000007a8700000,0x00000007a8700000,0x00000007a9000000)
 ParOldGen       total 71680K, used 10652K [0x0000000740000000, 0x0000000744600000, 0x0000000795580000)
  object space 71680K, 14% used [0x0000000740000000,0x0000000740a673f8,0x0000000744600000)
 Metaspace       used 33566K, capacity 35454K, committed 35496K, reserved 1079296K
  class space    used 4390K, capacity 4755K, committed 4784K, reserved 1048576K
}
Event: 11.563 GC heap before
{Heap before GC invocations=12 (full 2):
 PSYoungGen      total 233472K, used 224256K [0x0000000795580000, 0x00000007a9000000, 0x00000007c0000000)
  eden space 224256K, 100% used [0x0000000795580000,0x00000007a3080000,0x00000007a3080000)
  from space 9216K, 0% used [0x00000007a3080000,0x00000007a3080000,0x00000007a3980000)
  to   space 9216K, 0% used [0x00000007a8700000,0x00000007a8700000,0x00000007a9000000)
 ParOldGen       total 71680K, used 10652K [0x0000000740000000, 0x0000000744600000, 0x0000000795580000)
  object space 71680K, 14% used [0x0000000740000000,0x0000000740a673f8,0x0000000744600000)
 Metaspace       used 45926K, capacity 48042K, committed 48424K, reserved 1091584K
  class space    used 6211K, capacity 6625K, committed 6704K, reserved 1048576K
Event: 11.582 GC heap after
Heap after GC invocations=12 (full 2):
 PSYoungGen      total 308224K, used 9215K [0x0000000795580000, 0x00000007a9000000, 0x00000007c0000000)
  eden space 299008K, 0% used [0x0000000795580000,0x0000000795580000,0x00000007a7980000)
  from space 9216K, 99% used [0x00000007a8700000,0x00000007a8fffe90,0x00000007a9000000)
  to   space 11264K, 0% used [0x00000007a7a00000,0x00000007a7a00000,0x00000007a8500000)
 ParOldGen       total 71680K, used 14000K [0x0000000740000000, 0x0000000744600000, 0x0000000795580000)
  object space 71680K, 19% used [0x0000000740000000,0x0000000740dac128,0x0000000744600000)
 Metaspace       used 45926K, capacity 48042K, committed 48424K, reserved 1091584K
  class space    used 6211K, capacity 6625K, committed 6704K, reserved 1048576K
}
Event: 15.086 GC heap before
{Heap before GC invocations=13 (full 2):
 PSYoungGen      total 308224K, used 229080K [0x0000000795580000, 0x00000007a9000000, 0x00000007c0000000)
  eden space 299008K, 73% used [0x0000000795580000,0x00000007a2c36550,0x00000007a7980000)
  from space 9216K, 99% used [0x00000007a8700000,0x00000007a8fffe90,0x00000007a9000000)
  to   space 11264K, 0% used [0x00000007a7a00000,0x00000007a7a00000,0x00000007a8500000)
 ParOldGen       total 71680K, used 14000K [0x0000000740000000, 0x0000000744600000, 0x0000000795580000)
  object space 71680K, 19% used [0x0000000740000000,0x0000000740dac128,0x0000000744600000)
 Metaspace       used 56111K, capacity 59016K, committed 59160K, reserved 1099776K
  class space    used 7765K, capacity 8286K, committed 8368K, reserved 1048576K
Event: 15.115 GC heap after
Heap after GC invocations=13 (full 2):
 PSYoungGen      total 310784K, used 11253K [0x0000000795580000, 0x00000007aef80000, 0x00000007c0000000)
  eden space 299520K, 0% used [0x0000000795580000,0x0000000795580000,0x00000007a7a00000)
  from space 11264K, 99% used [0x00000007a7a00000,0x00000007a84fd5b0,0x00000007a8500000)
  to   space 13824K, 0% used [0x00000007ae200000,0x00000007ae200000,0x00000007aef80000)
 ParOldGen       total 71680K, used 16986K [0x0000000740000000, 0x0000000744600000, 0x0000000795580000)
  object space 71680K, 23% used [0x0000000740000000,0x0000000741096b60,0x0000000744600000)
 Metaspace       used 56111K, capacity 59016K, committed 59160K, reserved 1099776K
  class space    used 7765K, capacity 8286K, committed 8368K, reserved 1048576K
}
Event: 15.115 GC heap before
{Heap before GC invocations=14 (full 3):
 PSYoungGen      total 310784K, used 11253K [0x0000000795580000, 0x00000007aef80000, 0x00000007c0000000)
  eden space 299520K, 0% used [0x0000000795580000,0x0000000795580000,0x00000007a7a00000)
  from space 11264K, 99% used [0x00000007a7a00000,0x00000007a84fd5b0,0x00000007a8500000)
  to   space 13824K, 0% used [0x00000007ae200000,0x00000007ae200000,0x00000007aef80000)
 ParOldGen       total 71680K, used 16986K [0x0000000740000000, 0x0000000744600000, 0x0000000795580000)
  object space 71680K, 23% used [0x0000000740000000,0x0000000741096b60,0x0000000744600000)
 Metaspace       used 56111K, capacity 59016K, committed 59160K, reserved 1099776K
  class space    used 7765K, capacity 8286K, committed 8368K, reserved 1048576K
Event: 15.280 GC heap after
Heap after GC invocations=14 (full 3):
 PSYoungGen      total 310784K, used 0K [0x0000000795580000, 0x00000007aef80000, 0x00000007c0000000)
  eden space 299520K, 0% used [0x0000000795580000,0x0000000795580000,0x00000007a7a00000)
  from space 11264K, 0% used [0x00000007a7a00000,0x00000007a7a00000,0x00000007a8500000)
  to   space 13824K, 0% used [0x00000007ae200000,0x00000007ae200000,0x00000007aef80000)
 ParOldGen       total 103424K, used 21789K [0x0000000740000000, 0x0000000746500000, 0x0000000795580000)
  object space 103424K, 21% used [0x0000000740000000,0x00000007415477a0,0x0000000746500000)
 Metaspace       used 56111K, capacity 59016K, committed 59160K, reserved 1099776K
  class space    used 7765K, capacity 8286K, committed 8368K, reserved 1048576K
}

Deoptimization events (10 events):
Event: 27.356 Thread 0x00007f8128803000 Uncommon trap: reason=unhandled action=none pc=0x000000010c7676dc method=java.net.URLClassLoader.findClass(Ljava/lang/String;)Ljava/lang/Class; @ 44
Event: 27.357 Thread 0x00007f8128803000 Uncommon trap: reason=unhandled action=none pc=0x000000010c7676dc method=java.net.URLClassLoader.findClass(Ljava/lang/String;)Ljava/lang/Class; @ 44
Event: 27.357 Thread 0x00007f8128803000 Uncommon trap: reason=unhandled action=none pc=0x000000010c7676dc method=java.net.URLClassLoader.findClass(Ljava/lang/String;)Ljava/lang/Class; @ 44
Event: 27.358 Thread 0x00007f8128803000 Uncommon trap: reason=unhandled action=none pc=0x000000010c7676dc method=java.net.URLClassLoader.findClass(Ljava/lang/String;)Ljava/lang/Class; @ 44
Event: 27.366 Thread 0x00007f8128803000 Uncommon trap: reason=unhandled action=none pc=0x000000010c7676dc method=java.net.URLClassLoader.findClass(Ljava/lang/String;)Ljava/lang/Class; @ 44
Event: 27.368 Thread 0x00007f8128803000 Uncommon trap: reason=unhandled action=none pc=0x000000010c7676dc method=java.net.URLClassLoader.findClass(Ljava/lang/String;)Ljava/lang/Class; @ 44
Event: 63.961 Thread 0x00007f812d189800 Uncommon trap: reason=unstable_if action=reinterpret pc=0x000000010caf1b6c method=java.lang.Long.stringSize(J)I @ 17
Event: 63.961 Thread 0x00007f812d189800 Uncommon trap: reason=unstable_if action=reinterpret pc=0x000000010d185dd0 method=java.lang.Long.getChars(JI[C)V @ 24
Event: 160.130 Thread 0x00007f8128803000 Uncommon trap: reason=predicate action=maybe_recompile pc=0x000000010c799328 method=java.util.AbstractCollection.toString()Ljava/lang/String; @ 32
Event: 166.230 Thread 0x00007f8128803000 Uncommon trap: reason=unhandled action=none pc=0x000000010c7676dc method=java.net.URLClassLoader.findClass(Ljava/lang/String;)Ljava/lang/Class; @ 44

Internal exceptions (10 events):
Event: 33.121 Thread 0x00007f8128803000 Exception <a 'java/lang/StackOverflowError'> (0x000000079670bbd8) thrown at [/HUDSON3/workspace/8-2-build-macosx-x86_64/jdk8u101/7261/hotspot/src/share/vm/runtime/sharedRuntime.cpp, line 605]
Event: 44.230 Thread 0x00007f8128803000 StackOverflowError at 0x000000010caf4e40
Event: 44.232 Thread 0x00007f8128803000 Exception <a 'java/lang/StackOverflowError'> (0x00000007967bd4c0) thrown at [/HUDSON3/workspace/8-2-build-macosx-x86_64/jdk8u101/7261/hotspot/src/share/vm/runtime/sharedRuntime.cpp, line 605]
Event: 45.306 Thread 0x00007f8128803000 StackOverflowError at 0x000000010caf4e40
Event: 45.311 Thread 0x00007f8128803000 Exception <a 'java/lang/StackOverflowError'> (0x000000079686ee80) thrown at [/HUDSON3/workspace/8-2-build-macosx-x86_64/jdk8u101/7261/hotspot/src/share/vm/runtime/sharedRuntime.cpp, line 605]
Event: 160.132 Thread 0x00007f8128803000 Exception <a 'java/lang/StackOverflowError'> (0x000000079690f1b0) thrown at [/HUDSON3/workspace/8-2-build-macosx-x86_64/jdk8u101/7261/hotspot/src/share/vm/interpreter/interpreterRuntime.cpp, line 323]
Event: 168.632 Thread 0x00007f8128803000 StackOverflowError at 0x000000010ca5bf00
Event: 168.635 Thread 0x00007f8128803000 Exception <a 'java/lang/StackOverflowError'> (0x0000000796a3f6f0) thrown at [/HUDSON3/workspace/8-2-build-macosx-x86_64/jdk8u101/7261/hotspot/src/share/vm/runtime/sharedRuntime.cpp, line 605]
Event: 170.424 Thread 0x00007f8128803000 StackOverflowError at 0x000000010ca5bf00
Event: 170.428 Thread 0x00007f8128803000 Exception <a 'java/lang/StackOverflowError'> (0x0000000796b53190) thrown at [/HUDSON3/workspace/8-2-build-macosx-x86_64/jdk8u101/7261/hotspot/src/share/vm/runtime/sharedRuntime.cpp, line 605]

Events (10 events):
Event: 170.500 Executing VM operation: GetOrSetLocal
Event: 170.500 Executing VM operation: GetOrSetLocal done
Event: 183.971 Thread 0x00007f81291e4000 flushing nmethod 0x000000010cc12cd0
Event: 183.971 Thread 0x00007f81291e4000 flushing nmethod 0x000000010cc29fd0
Event: 183.971 Thread 0x00007f81291e4000 flushing nmethod 0x000000010cc66010
Event: 183.971 Thread 0x00007f81291e4000 flushing nmethod 0x000000010cc6aa10
Event: 183.972 Thread 0x00007f81291e4000 flushing nmethod 0x000000010ccb2490
Event: 183.972 Thread 0x00007f81291e4000 flushing nmethod 0x000000010ccb2a10
Event: 243.833 Executing VM operation: RedefineClasses
Event: 243.868 Executing VM operation: RedefineClasses done


Dynamic libraries:
0x0000000014905000 	/System/Library/Frameworks/Cocoa.framework/Versions/A/Cocoa
0x0000000014905000 	/System/Library/Frameworks/Security.framework/Versions/A/Security
0x0000000014905000 	/System/Library/Frameworks/ApplicationServices.framework/Versions/A/ApplicationServices
0x0000000014905000 	/usr/lib/libz.1.dylib
0x0000000014905000 	/usr/lib/libSystem.B.dylib
0x0000000014905000 	/usr/lib/libobjc.A.dylib
0x0000000014905000 	/System/Library/Frameworks/CoreFoundation.framework/Versions/A/CoreFoundation
0x0000000014905000 	/System/Library/Frameworks/Foundation.framework/Versions/C/Foundation
0x0000000014905000 	/System/Library/Frameworks/AppKit.framework/Versions/C/AppKit
0x0000000014905000 	/System/Library/Frameworks/CoreData.framework/Versions/A/CoreData
0x0000000014905000 	/System/Library/PrivateFrameworks/RemoteViewServices.framework/Versions/A/RemoteViewServices
0x0000000014905000 	/System/Library/PrivateFrameworks/UIFoundation.framework/Versions/A/UIFoundation
0x0000000014905000 	/System/Library/PrivateFrameworks/XCTTargetBootstrap.framework/Versions/A/XCTTargetBootstrap
0x0000000014905000 	/System/Library/PrivateFrameworks/IconServices.framework/Versions/A/IconServices
0x0000000014905000 	/System/Library/Frameworks/Metal.framework/Versions/A/Metal
0x0000000014905000 	/System/Library/PrivateFrameworks/DesktopServicesPriv.framework/Versions/A/DesktopServicesPriv
0x0000000014905000 	/usr/lib/libenergytrace.dylib
0x0000000014905000 	/System/Library/PrivateFrameworks/SkyLight.framework/Versions/A/SkyLight
0x0000000014905000 	/System/Library/Frameworks/CoreGraphics.framework/Versions/A/CoreGraphics
0x0000000014905000 	/System/Library/Frameworks/Accelerate.framework/Versions/A/Accelerate
0x0000000014905000 	/System/Library/Frameworks/IOSurface.framework/Versions/A/IOSurface
0x0000000014905000 	/System/Library/PrivateFrameworks/DFRFoundation.framework/Versions/A/DFRFoundation
0x0000000014905000 	/System/Library/Frameworks/AudioToolbox.framework/Versions/A/AudioToolbox
0x0000000014905000 	/System/Library/Frameworks/AudioUnit.framework/Versions/A/AudioUnit
0x0000000014905000 	/System/Library/PrivateFrameworks/DataDetectorsCore.framework/Versions/A/DataDetectorsCore
0x0000000014905000 	/System/Library/Frameworks/Carbon.framework/Versions/A/Frameworks/HIToolbox.framework/Versions/A/HIToolbox
0x0000000014905000 	/usr/lib/libicucore.A.dylib
0x0000000014905000 	/System/Library/Frameworks/QuartzCore.framework/Versions/A/QuartzCore
0x0000000014905000 	/System/Library/Frameworks/Carbon.framework/Versions/A/Frameworks/SpeechRecognition.framework/Versions/A/SpeechRecognition
0x0000000014905000 	/usr/lib/libauto.dylib
0x0000000014905000 	/usr/lib/libxml2.2.dylib
0x0000000014905000 	/System/Library/PrivateFrameworks/CoreUI.framework/Versions/A/CoreUI
0x0000000014905000 	/System/Library/Frameworks/CoreAudio.framework/Versions/A/CoreAudio
0x0000000014905000 	/System/Library/Frameworks/DiskArbitration.framework/Versions/A/DiskArbitration
0x0000000014905000 	/usr/lib/liblangid.dylib
0x0000000014905000 	/System/Library/PrivateFrameworks/MultitouchSupport.framework/Versions/A/MultitouchSupport
0x0000000014905000 	/System/Library/Frameworks/IOKit.framework/Versions/A/IOKit
0x0000000014905000 	/usr/lib/libDiagnosticMessagesClient.dylib
0x0000000014905000 	/System/Library/Frameworks/CoreServices.framework/Versions/A/CoreServices
0x0000000014905000 	/System/Library/PrivateFrameworks/PerformanceAnalysis.framework/Versions/A/PerformanceAnalysis
0x0000000014905000 	/System/Library/Frameworks/OpenGL.framework/Versions/A/OpenGL
0x0000000014905000 	/System/Library/Frameworks/ColorSync.framework/Versions/A/ColorSync
0x0000000014905000 	/System/Library/Frameworks/CoreImage.framework/Versions/A/CoreImage
0x0000000014905000 	/System/Library/Frameworks/CoreText.framework/Versions/A/CoreText
0x0000000014905000 	/System/Library/Frameworks/ImageIO.framework/Versions/A/ImageIO
0x0000000014905000 	/System/Library/PrivateFrameworks/Backup.framework/Versions/A/Backup
0x0000000014905000 	/usr/lib/libarchive.2.dylib
0x0000000014905000 	/System/Library/Frameworks/CFNetwork.framework/Versions/A/CFNetwork
0x0000000014905000 	/System/Library/Frameworks/SystemConfiguration.framework/Versions/A/SystemConfiguration
0x0000000014905000 	/usr/lib/libCRFSuite.dylib
0x0000000014905000 	/usr/lib/libc++.1.dylib
0x0000000014905000 	/usr/lib/libc++abi.dylib
0x0000000014905000 	/usr/lib/system/libcache.dylib
0x0000000014905000 	/usr/lib/system/libcommonCrypto.dylib
0x0000000014905000 	/usr/lib/system/libcompiler_rt.dylib
0x0000000014905000 	/usr/lib/system/libcopyfile.dylib
0x0000000014905000 	/usr/lib/system/libcorecrypto.dylib
0x0000000014905000 	/usr/lib/system/libdispatch.dylib
0x0000000014905000 	/usr/lib/system/libdyld.dylib
0x0000000014905000 	/usr/lib/system/libkeymgr.dylib
0x0000000014905000 	/usr/lib/system/liblaunch.dylib
0x0000000014905000 	/usr/lib/system/libmacho.dylib
0x0000000014905000 	/usr/lib/system/libquarantine.dylib
0x0000000014905000 	/usr/lib/system/libremovefile.dylib
0x0000000014905000 	/usr/lib/system/libsystem_asl.dylib
0x0000000014905000 	/usr/lib/system/libsystem_blocks.dylib
0x0000000014905000 	/usr/lib/system/libsystem_c.dylib
0x0000000014905000 	/usr/lib/system/libsystem_configuration.dylib
0x0000000014905000 	/usr/lib/system/libsystem_coreservices.dylib
0x0000000014905000 	/usr/lib/system/libsystem_darwin.dylib
0x0000000014905000 	/usr/lib/system/libsystem_dnssd.dylib
0x0000000014905000 	/usr/lib/system/libsystem_info.dylib
0x0000000014905000 	/usr/lib/system/libsystem_m.dylib
0x0000000014905000 	/usr/lib/system/libsystem_malloc.dylib
0x0000000014905000 	/usr/lib/system/libsystem_networkextension.dylib
0x0000000014905000 	/usr/lib/system/libsystem_notify.dylib
0x0000000014905000 	/usr/lib/system/libsystem_sandbox.dylib
0x0000000014905000 	/usr/lib/system/libsystem_secinit.dylib
0x0000000014905000 	/usr/lib/system/libsystem_kernel.dylib
0x0000000014905000 	/usr/lib/system/libsystem_platform.dylib
0x0000000014905000 	/usr/lib/system/libsystem_pthread.dylib
0x0000000014905000 	/usr/lib/system/libsystem_symptoms.dylib
0x0000000014905000 	/usr/lib/system/libsystem_trace.dylib
0x0000000014905000 	/usr/lib/system/libunwind.dylib
0x0000000014905000 	/usr/lib/system/libxpc.dylib
0x0000000014905000 	/usr/lib/libbsm.0.dylib
0x0000000014905000 	/usr/lib/system/libkxld.dylib
0x0000000014905000 	/System/Library/PrivateFrameworks/AppleFSCompression.framework/Versions/A/AppleFSCompression
0x0000000014905000 	/usr/lib/libOpenScriptingUtil.dylib
0x0000000014905000 	/usr/lib/libcoretls.dylib
0x0000000014905000 	/usr/lib/libcoretls_cfhelpers.dylib
0x0000000014905000 	/usr/lib/libpam.2.dylib
0x0000000014905000 	/usr/lib/libsqlite3.dylib
0x0000000014905000 	/usr/lib/libxar.1.dylib
0x0000000014905000 	/usr/lib/libbz2.1.0.dylib
0x0000000014905000 	/usr/lib/liblzma.5.dylib
0x0000000014905000 	/usr/lib/libnetwork.dylib
0x0000000014905000 	/usr/lib/libapple_nghttp2.dylib
0x0000000014905000 	/usr/lib/libpcap.A.dylib
0x0000000014905000 	/System/Library/Frameworks/CoreServices.framework/Versions/A/Frameworks/FSEvents.framework/Versions/A/FSEvents
0x0000000014905000 	/System/Library/Frameworks/CoreServices.framework/Versions/A/Frameworks/CarbonCore.framework/Versions/A/CarbonCore
0x0000000014905000 	/System/Library/Frameworks/CoreServices.framework/Versions/A/Frameworks/Metadata.framework/Versions/A/Metadata
0x0000000014905000 	/System/Library/Frameworks/CoreServices.framework/Versions/A/Frameworks/OSServices.framework/Versions/A/OSServices
0x0000000014905000 	/System/Library/Frameworks/CoreServices.framework/Versions/A/Frameworks/SearchKit.framework/Versions/A/SearchKit
0x0000000014905000 	/System/Library/Frameworks/CoreServices.framework/Versions/A/Frameworks/AE.framework/Versions/A/AE
0x0000000014905000 	/System/Library/Frameworks/CoreServices.framework/Versions/A/Frameworks/LaunchServices.framework/Versions/A/LaunchServices
0x0000000014905000 	/System/Library/Frameworks/CoreServices.framework/Versions/A/Frameworks/DictionaryServices.framework/Versions/A/DictionaryServices
0x0000000014905000 	/System/Library/Frameworks/CoreServices.framework/Versions/A/Frameworks/SharedFileList.framework/Versions/A/SharedFileList
0x0000000014905000 	/System/Library/Frameworks/NetFS.framework/Versions/A/NetFS
0x0000000014905000 	/System/Library/PrivateFrameworks/NetAuth.framework/Versions/A/NetAuth
0x0000000014905000 	/System/Library/PrivateFrameworks/login.framework/Versions/A/Frameworks/loginsupport.framework/Versions/A/loginsupport
0x0000000014905000 	/System/Library/PrivateFrameworks/TCC.framework/Versions/A/TCC
0x0000000014905000 	/System/Library/PrivateFrameworks/CoreNLP.framework/Versions/A/CoreNLP
0x0000000014905000 	/System/Library/PrivateFrameworks/MetadataUtilities.framework/Versions/A/MetadataUtilities
0x0000000014905000 	/usr/lib/libmecabra.dylib
0x0000000014905000 	/System/Library/Frameworks/ApplicationServices.framework/Versions/A/Frameworks/ATS.framework/Versions/A/ATS
0x0000000014905000 	/System/Library/Frameworks/ApplicationServices.framework/Versions/A/Frameworks/ColorSyncLegacy.framework/Versions/A/ColorSyncLegacy
0x0000000014905000 	/System/Library/Frameworks/ApplicationServices.framework/Versions/A/Frameworks/HIServices.framework/Versions/A/HIServices
0x0000000014905000 	/System/Library/Frameworks/ApplicationServices.framework/Versions/A/Frameworks/LangAnalysis.framework/Versions/A/LangAnalysis
0x0000000014905000 	/System/Library/Frameworks/ApplicationServices.framework/Versions/A/Frameworks/PrintCore.framework/Versions/A/PrintCore
0x0000000014905000 	/System/Library/Frameworks/ApplicationServices.framework/Versions/A/Frameworks/QD.framework/Versions/A/QD
0x0000000014905000 	/System/Library/Frameworks/ApplicationServices.framework/Versions/A/Frameworks/SpeechSynthesis.framework/Versions/A/SpeechSynthesis
0x0000000014905000 	/usr/lib/libcompression.dylib
0x0000000014905000 	/System/Library/Frameworks/CoreDisplay.framework/Versions/A/CoreDisplay
0x0000000014905000 	/System/Library/Frameworks/MetalPerformanceShaders.framework/Versions/A/MetalPerformanceShaders
0x0000000014905000 	/System/Library/Frameworks/Accelerate.framework/Versions/A/Frameworks/vImage.framework/Versions/A/vImage
0x0000000014905000 	/System/Library/Frameworks/Accelerate.framework/Versions/A/Frameworks/vecLib.framework/Versions/A/vecLib
0x0000000014905000 	/System/Library/Frameworks/Accelerate.framework/Versions/A/Frameworks/vecLib.framework/Versions/A/libvMisc.dylib
0x0000000014905000 	/System/Library/Frameworks/Accelerate.framework/Versions/A/Frameworks/vecLib.framework/Versions/A/libvDSP.dylib
0x0000000014905000 	/System/Library/Frameworks/Accelerate.framework/Versions/A/Frameworks/vecLib.framework/Versions/A/libBLAS.dylib
0x0000000014905000 	/System/Library/Frameworks/Accelerate.framework/Versions/A/Frameworks/vecLib.framework/Versions/A/libLAPACK.dylib
0x0000000014905000 	/System/Library/Frameworks/Accelerate.framework/Versions/A/Frameworks/vecLib.framework/Versions/A/libLinearAlgebra.dylib
0x0000000014905000 	/System/Library/Frameworks/Accelerate.framework/Versions/A/Frameworks/vecLib.framework/Versions/A/libSparseBLAS.dylib
0x0000000014905000 	/System/Library/Frameworks/Accelerate.framework/Versions/A/Frameworks/vecLib.framework/Versions/A/libQuadrature.dylib
0x0000000014905000 	/System/Library/Frameworks/Accelerate.framework/Versions/A/Frameworks/vecLib.framework/Versions/A/libBNNS.dylib
0x0000000014905000 	/System/Library/Frameworks/Accelerate.framework/Versions/A/Frameworks/vecLib.framework/Versions/A/libSparse.dylib
0x0000000014905000 	/System/Library/PrivateFrameworks/GPUWrangler.framework/Versions/A/GPUWrangler
0x0000000014905000 	/System/Library/PrivateFrameworks/IOAccelerator.framework/Versions/A/IOAccelerator
0x0000000014905000 	/System/Library/PrivateFrameworks/IOPresentment.framework/Versions/A/IOPresentment
0x0000000014905000 	/System/Library/PrivateFrameworks/DSExternalDisplay.framework/Versions/A/DSExternalDisplay
0x0000000014905000 	/System/Library/Frameworks/OpenGL.framework/Versions/A/Libraries/libCoreFSCache.dylib
0x0000000014905000 	/System/Library/Frameworks/MetalPerformanceShaders.framework/Frameworks/MPSCore.framework/Versions/A/MPSCore
0x0000000014905000 	/System/Library/Frameworks/MetalPerformanceShaders.framework/Frameworks/MPSImage.framework/Versions/A/MPSImage
0x0000000014905000 	/System/Library/Frameworks/MetalPerformanceShaders.framework/Frameworks/MPSNeuralNetwork.framework/Versions/A/MPSNeuralNetwork
0x0000000014905000 	/System/Library/Frameworks/MetalPerformanceShaders.framework/Frameworks/MPSMatrix.framework/Versions/A/MPSMatrix
0x0000000014905000 	/System/Library/Frameworks/MetalPerformanceShaders.framework/Frameworks/MPSRayIntersector.framework/Versions/A/MPSRayIntersector
0x0000000014905000 	/System/Library/PrivateFrameworks/MetalTools.framework/Versions/A/MetalTools
0x0000000014905000 	/System/Library/PrivateFrameworks/AggregateDictionary.framework/Versions/A/AggregateDictionary
0x0000000014905000 	/usr/lib/libMobileGestalt.dylib
0x0000000014905000 	/System/Library/Frameworks/CoreVideo.framework/Versions/A/CoreVideo
0x0000000014905000 	/System/Library/PrivateFrameworks/GraphVisualizer.framework/Versions/A/GraphVisualizer
0x0000000014905000 	/System/Library/PrivateFrameworks/FaceCore.framework/Versions/A/FaceCore
0x0000000014905000 	/System/Library/Frameworks/OpenCL.framework/Versions/A/OpenCL
0x0000000014905000 	/usr/lib/libFosl_dynamic.dylib
0x0000000014905000 	/System/Library/PrivateFrameworks/OTSVG.framework/Versions/A/OTSVG
0x0000000014905000 	/System/Library/Frameworks/ApplicationServices.framework/Versions/A/Frameworks/ATS.framework/Versions/A/Resources/libFontParser.dylib
0x0000000014905000 	/System/Library/Frameworks/ApplicationServices.framework/Versions/A/Frameworks/ATS.framework/Versions/A/Resources/libFontRegistry.dylib
0x0000000014905000 	/System/Library/Frameworks/ImageIO.framework/Versions/A/Resources/libJPEG.dylib
0x0000000014905000 	/System/Library/Frameworks/ImageIO.framework/Versions/A/Resources/libTIFF.dylib
0x0000000014905000 	/System/Library/Frameworks/ImageIO.framework/Versions/A/Resources/libPng.dylib
0x0000000014905000 	/System/Library/Frameworks/ImageIO.framework/Versions/A/Resources/libGIF.dylib
0x0000000014905000 	/System/Library/Frameworks/ImageIO.framework/Versions/A/Resources/libJP2.dylib
0x0000000014905000 	/System/Library/Frameworks/ImageIO.framework/Versions/A/Resources/libRadiance.dylib
0x0000000014905000 	/System/Library/PrivateFrameworks/AppleJPEG.framework/Versions/A/AppleJPEG
0x0000000014905000 	/System/Library/Frameworks/OpenGL.framework/Versions/A/Libraries/libGFXShared.dylib
0x0000000014905000 	/System/Library/Frameworks/OpenGL.framework/Versions/A/Libraries/libGLU.dylib
0x0000000014905000 	/System/Library/Frameworks/OpenGL.framework/Versions/A/Libraries/libGL.dylib
0x0000000014905000 	/System/Library/Frameworks/OpenGL.framework/Versions/A/Libraries/libGLImage.dylib
0x0000000014905000 	/System/Library/Frameworks/OpenGL.framework/Versions/A/Libraries/libCVMSPluginSupport.dylib
0x0000000014905000 	/System/Library/Frameworks/OpenGL.framework/Versions/A/Libraries/libCoreVMClient.dylib
0x0000000014905000 	/usr/lib/libcups.2.dylib
0x0000000014905000 	/System/Library/Frameworks/Kerberos.framework/Versions/A/Kerberos
0x0000000014905000 	/System/Library/Frameworks/GSS.framework/Versions/A/GSS
0x0000000014905000 	/usr/lib/libresolv.9.dylib
0x0000000014905000 	/usr/lib/libiconv.2.dylib
0x0000000014905000 	/System/Library/PrivateFrameworks/Heimdal.framework/Versions/A/Heimdal
0x0000000014905000 	/usr/lib/libheimdal-asn1.dylib
0x0000000014905000 	/System/Library/Frameworks/OpenDirectory.framework/Versions/A/OpenDirectory
0x0000000014905000 	/System/Library/PrivateFrameworks/CommonAuth.framework/Versions/A/CommonAuth
0x0000000014905000 	/System/Library/Frameworks/OpenDirectory.framework/Versions/A/Frameworks/CFOpenDirectory.framework/Versions/A/CFOpenDirectory
0x0000000014905000 	/System/Library/Frameworks/SecurityFoundation.framework/Versions/A/SecurityFoundation
0x0000000014905000 	/System/Library/PrivateFrameworks/APFS.framework/Versions/A/APFS
0x0000000014905000 	/usr/lib/libutil.dylib
0x0000000014905000 	/usr/lib/libcharset.1.dylib
0x0000000014905000 	/System/Library/PrivateFrameworks/AppleSauce.framework/Versions/A/AppleSauce
0x0000000014905000 	/System/Library/PrivateFrameworks/AssertionServices.framework/Versions/A/AssertionServices
0x0000000014905000 	/System/Library/PrivateFrameworks/BaseBoard.framework/Versions/A/BaseBoard
0x0000000014905000 	/usr/lib/libmecab.1.0.0.dylib
0x0000000014905000 	/usr/lib/libgermantok.dylib
0x0000000014905000 	/usr/lib/libThaiTokenizer.dylib
0x0000000014905000 	/usr/lib/libChineseTokenizer.dylib
0x0000000014905000 	/System/Library/PrivateFrameworks/LanguageModeling.framework/Versions/A/LanguageModeling
0x0000000014905000 	/System/Library/PrivateFrameworks/CoreEmoji.framework/Versions/A/CoreEmoji
0x0000000014905000 	/System/Library/PrivateFrameworks/Lexicon.framework/Versions/A/Lexicon
0x0000000014905000 	/System/Library/PrivateFrameworks/LinguisticData.framework/Versions/A/LinguisticData
0x0000000014905000 	/usr/lib/libcmph.dylib
0x0000000014905000 	/System/Library/Frameworks/ServiceManagement.framework/Versions/A/ServiceManagement
0x0000000014905000 	/System/Library/PrivateFrameworks/BackgroundTaskManagement.framework/Versions/A/BackgroundTaskManagement
0x0000000014905000 	/usr/lib/libxslt.1.dylib
0x0000000014905000 	/System/Library/Frameworks/Carbon.framework/Versions/A/Frameworks/Ink.framework/Versions/A/Ink
0x0000000014905000 	/System/Library/PrivateFrameworks/TextureIO.framework/Versions/A/TextureIO
0x0000000014905000 	/usr/lib/libate.dylib
0x0000000014905000 	/System/Library/PrivateFrameworks/CrashReporterSupport.framework/Versions/A/CrashReporterSupport
0x0000000014905000 	/System/Library/PrivateFrameworks/Sharing.framework/Versions/A/Sharing
0x0000000014905000 	/System/Library/PrivateFrameworks/AuthKit.framework/Versions/A/AuthKit
0x0000000014905000 	/System/Library/PrivateFrameworks/Apple80211.framework/Versions/A/Apple80211
0x0000000014905000 	/System/Library/PrivateFrameworks/CoreUtils.framework/Versions/A/CoreUtils
0x0000000014905000 	/System/Library/Frameworks/CoreWLAN.framework/Versions/A/CoreWLAN
0x0000000014905000 	/System/Library/Frameworks/IOBluetooth.framework/Versions/A/IOBluetooth
0x0000000014905000 	/System/Library/PrivateFrameworks/ProtocolBuffer.framework/Versions/A/ProtocolBuffer
0x0000000014905000 	/System/Library/PrivateFrameworks/MobileKeyBag.framework/Versions/A/MobileKeyBag
0x0000000014905000 	/System/Library/PrivateFrameworks/CorePhoneNumbers.framework/Versions/A/CorePhoneNumbers
0x0000000014905000 	/System/Library/PrivateFrameworks/AppleIDAuthSupport.framework/Versions/A/AppleIDAuthSupport
0x0000000014905000 	/System/Library/PrivateFrameworks/KeychainCircle.framework/Versions/A/KeychainCircle
0x0000000014905000 	/System/Library/PrivateFrameworks/ROCKit.framework/Versions/A/ROCKit
0x0000000014905000 	/System/Library/PrivateFrameworks/CoreWiFi.framework/Versions/A/CoreWiFi
0x0000000014905000 	/System/Library/Frameworks/CoreBluetooth.framework/Versions/A/CoreBluetooth
0x0000000014905000 	/System/Library/PrivateFrameworks/DebugSymbols.framework/Versions/A/DebugSymbols
0x0000000014905000 	/System/Library/PrivateFrameworks/CoreSymbolication.framework/Versions/A/CoreSymbolication
0x0000000014905000 	/System/Library/PrivateFrameworks/Symbolication.framework/Versions/A/Symbolication
0x0000000014905000 	/System/Library/PrivateFrameworks/SpeechRecognitionCore.framework/Versions/A/SpeechRecognitionCore
0x000000010b535000 	/Library/Java/JavaVirtualMachines/jdk1.8.0_101.jdk/Contents/Home/jre/lib/server/libjvm.dylib
0x0000000014905000 	/usr/lib/libstdc++.6.dylib
0x000000010a30b000 	/Library/Java/JavaVirtualMachines/jdk1.8.0_101.jdk/Contents/Home/jre/lib/libverify.dylib
0x000000010a319000 	/Library/Java/JavaVirtualMachines/jdk1.8.0_101.jdk/Contents/Home/jre/lib/libjava.dylib
0x000000010a34f000 	/Library/Java/JavaVirtualMachines/jdk1.8.0_101.jdk/Contents/Home/jre/lib/libjdwp.dylib
0x000000010a39a000 	/Library/Java/JavaVirtualMachines/jdk1.8.0_101.jdk/Contents/Home/jre/lib/libnpt.dylib
0x000000010a39e000 	/Library/Java/JavaVirtualMachines/jdk1.8.0_101.jdk/Contents/Home/jre/lib/libinstrument.dylib
0x000000010ac40000 	/Library/Java/JavaVirtualMachines/jdk1.8.0_101.jdk/Contents/Home/jre/lib/libzip.dylib
0x0000000014905000 	/System/Library/Frameworks/JavaVM.framework/Versions/A/Frameworks/JavaRuntimeSupport.framework/Versions/A/JavaRuntimeSupport
0x0000000014905000 	/System/Library/Frameworks/JavaVM.framework/Versions/A/Frameworks/JavaNativeFoundation.framework/Versions/A/JavaNativeFoundation
0x0000000014905000 	/System/Library/Frameworks/JavaVM.framework/Versions/A/JavaVM
0x0000000014905000 	/System/Library/Frameworks/Carbon.framework/Versions/A/Carbon
0x0000000014905000 	/System/Library/PrivateFrameworks/JavaLaunching.framework/Versions/A/JavaLaunching
0x0000000014905000 	/System/Library/Frameworks/Carbon.framework/Versions/A/Frameworks/CommonPanels.framework/Versions/A/CommonPanels
0x0000000014905000 	/System/Library/Frameworks/Carbon.framework/Versions/A/Frameworks/Help.framework/Versions/A/Help
0x0000000014905000 	/System/Library/Frameworks/Carbon.framework/Versions/A/Frameworks/ImageCapture.framework/Versions/A/ImageCapture
0x0000000014905000 	/System/Library/Frameworks/Carbon.framework/Versions/A/Frameworks/OpenScripting.framework/Versions/A/OpenScripting
0x0000000014905000 	/System/Library/Frameworks/Carbon.framework/Versions/A/Frameworks/Print.framework/Versions/A/Print
0x0000000014905000 	/System/Library/Frameworks/Carbon.framework/Versions/A/Frameworks/SecurityHI.framework/Versions/A/SecurityHI
0x0000000122ff1000 	/Library/Java/JavaVirtualMachines/jdk1.8.0_101.jdk/Contents/Home/jre/lib/libdt_socket.dylib
0x00000001236c9000 	/Library/Java/JavaVirtualMachines/jdk1.8.0_101.jdk/Contents/Home/jre/lib/libnet.dylib
0x00000001239a3000 	/Library/Java/JavaVirtualMachines/jdk1.8.0_101.jdk/Contents/Home/jre/lib/libnio.dylib
0x00000001238a5000 	/Library/Java/JavaVirtualMachines/jdk1.8.0_101.jdk/Contents/Home/jre/lib/libmanagement.dylib

VM Arguments:
jvm_args: -agentlib:jdwp=transport=dt_socket,suspend=y,address=localhost:52622 -ea -javaagent:/Applications/SpringToolSuite4.app/Contents/Eclipse/configuration/org.eclipse.osgi/236/0/.cp/lib/javaagent-shaded.jar -Dfile.encoding=UTF-8 
java_command: org.eclipse.jdt.internal.junit.runner.RemoteTestRunner -version 3 -port 52621 -testLoaderClass org.eclipse.jdt.internal.junit5.runner.JUnit5TestLoader -loaderpluginname org.eclipse.jdt.junit5.runtime -classNames com.luisgois.magazine.dao.session.RoleRepositoryIntegrationTest -uniqueId [engine:junit-jupiter]/[class:com.luisgois.magazine.dao.session.RoleRepositoryIntegrationTest]
java_class_path (initial): /Users/luisgois/Documents/workspace-spring-tool-suite-4-4.4.0.RELEASE/magazine/target/test-classes:/Users/luisgois/Documents/workspace-spring-tool-suite-4-4.4.0.RELEASE/magazine/target/classes:/Users/luisgois/.m2/repository/org/springframework/boot/spring-boot-starter-data-jpa/2.2.0.RELEASE/spring-boot-starter-data-jpa-2.2.0.RELEASE.jar:/Users/luisgois/.m2/repository/org/springframework/boot/spring-boot-starter-aop/2.2.0.RELEASE/spring-boot-starter-aop-2.2.0.RELEASE.jar:/Users/luisgois/.m2/repository/org/aspectj/aspectjweaver/1.9.4/aspectjweaver-1.9.4.jar:/Users/luisgois/.m2/repository/org/springframework/boot/spring-boot-starter-jdbc/2.2.0.RELEASE/spring-boot-starter-jdbc-2.2.0.RELEASE.jar:/Users/luisgois/.m2/repository/com/zaxxer/HikariCP/3.4.1/HikariCP-3.4.1.jar:/Users/luisgois/.m2/repository/org/springframework/spring-jdbc/5.2.0.RELEASE/spring-jdbc-5.2.0.RELEASE.jar:/Users/luisgois/.m2/repository/jakarta/activation/jakarta.activation-api/1.2.1/jakarta.activation-api-1.2.1.jar:/Users/luisgois/.m2/repository/jakarta/persistence/jakarta.persistence-api/2.2.3/jakarta.persistence-api-2.2.3.jar:/Users/luisgois/.m2/repository/jakarta/transaction/jakarta.transaction-api/1.3.3/jakarta.transaction-api-1.3.3.jar:/Users/luisgois/.m2/repository/org/hibernate/hibernate-core/5.4.6.Final/hibernate-core-5.4.6.Final.jar:/Users/luisgois/.m2/repository/org/jboss/logging/jboss-logging/3.4.1.Final/jboss-logging-3.4.1.Final.jar:/Users/luisgois/.m2/repository/org/javassist/javassist/3.24.0-GA/javassist-3.24.0-GA.jar:/Users/luisgois/.m2/repository/net/bytebuddy/byte-buddy/1.10.1/byte-buddy-1.10.1.jar:/Users/luisgois/.m2/repository/antlr/antlr/2.7.7/antlr-2.7.7.jar:/Users/luisgois/.m2/repository/org/jboss/jandex/2.0.5.Final/jandex-2.0.5.Final.jar:/Users/luisgois/.m2/repository/com/fasterxml/classmate/1.5.0/classmate-1.5.0.jar:/Users/luisgois/.m2/repository/org/dom4j/dom4j/2.1.1/dom4j-2.1.1.jar:/Users/luisgois/.m2/repository/org/hibernate/common/hibernate-comm
Launcher Type: SUN_STANDARD

Environment Variables:
PATH=/usr/bin:/bin:/usr/sbin:/sbin
SHELL=/bin/bash

Signal Handlers:
SIGSEGV: [libjvm.dylib+0x5af145], sa_mask[0]=11111111011111110111111111111111, sa_flags=SA_ONSTACK|SA_RESTART|SA_SIGINFO
SIGBUS: [libjvm.dylib+0x5af145], sa_mask[0]=11111111011111110111111111111111, sa_flags=SA_RESTART|SA_SIGINFO
SIGFPE: [libjvm.dylib+0x48694c], sa_mask[0]=11111111011111110111111111111111, sa_flags=SA_RESTART|SA_SIGINFO
SIGPIPE: [libjvm.dylib+0x48694c], sa_mask[0]=11111111011111110111111111111111, sa_flags=SA_RESTART|SA_SIGINFO
SIGXFSZ: [libjvm.dylib+0x48694c], sa_mask[0]=11111111011111110111111111111111, sa_flags=SA_RESTART|SA_SIGINFO
SIGILL: [libjvm.dylib+0x48694c], sa_mask[0]=11111111011111110111111111111111, sa_flags=SA_RESTART|SA_SIGINFO
SIGUSR1: SIG_DFL, sa_mask[0]=00000000000000000000000000000000, sa_flags=none
SIGUSR2: [libjvm.dylib+0x48646a], sa_mask[0]=00100000000000000000000000000000, sa_flags=SA_RESTART|SA_SIGINFO
SIGHUP: [libjvm.dylib+0x484a41], sa_mask[0]=11111111011111110111111111111111, sa_flags=SA_RESTART|SA_SIGINFO
SIGINT: [libjvm.dylib+0x484a41], sa_mask[0]=11111111011111110111111111111111, sa_flags=SA_RESTART|SA_SIGINFO
SIGTERM: [libjvm.dylib+0x484a41], sa_mask[0]=11111111011111110111111111111111, sa_flags=SA_RESTART|SA_SIGINFO
SIGQUIT: [libjvm.dylib+0x484a41], sa_mask[0]=11111111011111110111111111111111, sa_flags=SA_RESTART|SA_SIGINFO


---------------  S Y S T E M  ---------------

OS:Bsduname:Darwin 18.2.0 Darwin Kernel Version 18.2.0: Thu Dec 20 20:46:53 PST 2018; root:xnu-4903.241.1~1/RELEASE_X86_64 x86_64
rlimit: STACK 8192k, CORE 0k, NPROC 709, NOFILE 10240, AS infinity
load average:4.05 4.08 4.00

CPU:total 4 (2 cores per cpu, 2 threads per core) family 6 model 61 stepping 4, cmov, cx8, fxsr, mmx, sse, sse2, sse3, ssse3, sse4.1, sse4.2, popcnt, avx, avx2, aes, clmul, erms, 3dnowpref, lzcnt, ht, tsc, tscinvbit, bmi1, bmi2, adx

Memory: 4k page, physical 8388608k(790072k free)

/proc/meminfo:


vm_info: Java HotSpot(TM) 64-Bit Server VM (25.101-b13) for bsd-amd64 JRE (1.8.0_101-b13), built on Jun 22 2016 02:42:15 by "java_re" with gcc 4.2.1 (Based on Apple Inc. build 5658) (LLVM build 2336.11.00)

time: Sun Nov 24 15:37:06 2019
elapsed time: 243 seconds (0d 0h 4m 3s)

